<?xml version="1.0" encoding="UTF-8"?>
<!-- Generated by org.testng.reporters.JUnitReportReporter -->
<testsuite skipped="0" hostname="DESKTOP-GRBVRU8" name="ap.test.HomePageTest" tests="1" failures="0" timestamp="26 Jan 2020 18:30:50 GMT" time="19.621" errors="0">
  <testcase name="varifyMessage" time="19.621" classname="ap.test.HomePageTest"/>
</testsuite> <!-- ap.test.HomePageTest -->
